2012-12-28 00:09:08,830 [main] INFO  org.nutz.log.Logs - Nutz is licensed under the Apache License, Version 2.0 .
Report bugs : https://github.com/nutzam/nutz/issues
2012-12-28 00:09:09,862 [main] DEBUG org.nutz.resource.Scans - Locations for Scans:
[JarResourceLocation [jarPath=D:\workspace\HSE\WebContent\WEB-INF\lib\jetty-server-7.6.8.v20121106.jar], JarResourceLocation [jarPath=D:\workspace\HSE\WebContent\WEB-INF\lib\commons-logging-1.1.1.jar], JarResourceLocation [jarPath=D:\workspace\HSE\WebContent\WEB-INF\lib\jstl-1.2.jar], JarResourceLocation [jarPath=C:\apache-tomcat-6.0.36\lib\catalina-ha.jar], JarResourceLocation [jarPath=D:\workspace\HSE\WebContent\WEB-INF\lib\jetty-security-7.6.8.v20121106.jar], JarResourceLocation [jarPath=D:\workspace\HSE\WebContent\WEB-INF\lib\nutz-1.b.45-javadoc.jar], JarResourceLocation [jarPath=D:\workspace\HSE\WebContent\WEB-INF\lib\jetty-servlet-7.6.8.v20121106.jar], JarResourceLocation [jarPath=D:\workspace\HSE\WebContent\WEB-INF\lib\jetty-util-7.6.8.v20121106.jar], JarResourceLocation [jarPath=C:\apache-tomcat-6.0.36\lib\el-api.jar], JarResourceLocation [jarPath=D:\workspace\HSE\WebContent\WEB-INF\lib\nutz-1.b.45-sources.jar], JarResourceLocation [jarPath=D:\workspace\HSE\WebContent\WEB-INF\lib\druid-0.2.9-sources.jar], JarResourceLocation [jarPath=file:/D:/workspace/HSE/WebContent/WEB-INF/lib/nutz-1.b.45-jdk6.jar], FileSystemResourceLocation [root=D:\workspace\HSE\build\classes], JarResourceLocation [jarPath=C:\apache-tomcat-6.0.36\lib\catalina-ant.jar], JarResourceLocation [jarPath=C:\apache-tomcat-6.0.36\lib\jasper-el.jar], JarResourceLocation [jarPath=D:\workspace\HSE\WebContent\WEB-INF\lib\jetty-continuation-7.6.8.v20121106.jar], JarResourceLocation [jarPath=C:\apache-tomcat-6.0.36\lib\tomcat-dbcp.jar], JarResourceLocation [jarPath=C:\apache-tomcat-6.0.36\lib\tomcat-i18n-ja.jar], JarResourceLocation [jarPath=C:\apache-tomcat-6.0.36\lib\tomcat-i18n-es.jar], JarResourceLocation [jarPath=C:\apache-tomcat-6.0.36\lib\annotations-api.jar], JarResourceLocation [jarPath=C:\apache-tomcat-6.0.36\lib\servlet-api.jar], JarResourceLocation [jarPath=C:\apache-tomcat-6.0.36\lib\catalina.jar], JarResourceLocation [jarPath=C:\apache-tomcat-6.0.36\lib\ecj-3.7.2.jar], JarResourceLocation [jarPath=D:\workspace\HSE\WebContent\WEB-INF\lib\jetty-io-7.6.8.v20121106.jar], FileSystemResourceLocation [root=D:\workspace\HSE\.], JarResourceLocation [jarPath=D:\workspace\HSE\WebContent\WEB-INF\lib\nutz-1.b.45-jdk6.jar], JarResourceLocation [jarPath=C:\apache-tomcat-6.0.36\lib\catalina-tribes.jar], JarResourceLocation [jarPath=C:\apache-tomcat-6.0.36\lib\tomcat-i18n-fr.jar], JarResourceLocation [jarPath=D:\workspace\HSE\WebContent\WEB-INF\lib\jetty-http-7.6.8.v20121106.jar], JarResourceLocation [jarPath=D:\workspace\HSE\WebContent\WEB-INF\lib\log4j-1.2.16.jar], JarResourceLocation [jarPath=C:\apache-tomcat-6.0.36\lib\jasper.jar], JarResourceLocation [jarPath=C:\apache-tomcat-6.0.36\lib\jsp-api.jar], JarResourceLocation [jarPath=C:\apache-tomcat-6.0.36\lib\tomcat-coyote.jar], JarResourceLocation [jarPath=D:\workspace\HSE\WebContent\WEB-INF\lib\commons-lang3-3.1.jar], JarResourceLocation [jarPath=D:\workspace\HSE\WebContent\WEB-INF\lib\druid-0.2.9.jar]]
2012-12-28 00:09:09,864 [main] WARN  org.nutz.resource.Scans - /WEB-INF/classes/ NOT found?!
2012-12-28 00:09:09,867 [main] DEBUG org.nutz.resource.Scans - Locations for Scans:
[JarResourceLocation [jarPath=D:\workspace\HSE\WebContent\WEB-INF\lib\jetty-server-7.6.8.v20121106.jar], JarResourceLocation [jarPath=D:\workspace\HSE\WebContent\WEB-INF\lib\commons-logging-1.1.1.jar], JarResourceLocation [jarPath=D:\workspace\HSE\WebContent\WEB-INF\lib\jstl-1.2.jar], JarResourceLocation [jarPath=C:\apache-tomcat-6.0.36\lib\catalina-ha.jar], JarResourceLocation [jarPath=D:\workspace\HSE\WebContent\WEB-INF\lib\jetty-security-7.6.8.v20121106.jar], JarResourceLocation [jarPath=D:\workspace\HSE\WebContent\WEB-INF\lib\nutz-1.b.45-javadoc.jar], JarResourceLocation [jarPath=D:\workspace\HSE\WebContent\WEB-INF\lib\jetty-servlet-7.6.8.v20121106.jar], JarResourceLocation [jarPath=D:\workspace\HSE\WebContent\WEB-INF\lib\jetty-util-7.6.8.v20121106.jar], JarResourceLocation [jarPath=C:\apache-tomcat-6.0.36\lib\el-api.jar], JarResourceLocation [jarPath=D:\workspace\HSE\WebContent\WEB-INF\lib\nutz-1.b.45-sources.jar], JarResourceLocation [jarPath=D:\workspace\HSE\WebContent\WEB-INF\lib\druid-0.2.9-sources.jar], JarResourceLocation [jarPath=file:/D:/workspace/HSE/WebContent/WEB-INF/lib/nutz-1.b.45-jdk6.jar], FileSystemResourceLocation [root=D:\workspace\HSE\build\classes], JarResourceLocation [jarPath=C:\apache-tomcat-6.0.36\lib\catalina-ant.jar], JarResourceLocation [jarPath=C:\apache-tomcat-6.0.36\lib\jasper-el.jar], JarResourceLocation [jarPath=D:\workspace\HSE\WebContent\WEB-INF\lib\jetty-continuation-7.6.8.v20121106.jar], JarResourceLocation [jarPath=C:\apache-tomcat-6.0.36\lib\tomcat-dbcp.jar], JarResourceLocation [jarPath=C:\apache-tomcat-6.0.36\lib\tomcat-i18n-ja.jar], JarResourceLocation [jarPath=C:\apache-tomcat-6.0.36\lib\tomcat-i18n-es.jar], JarResourceLocation [jarPath=C:\apache-tomcat-6.0.36\lib\annotations-api.jar], JarResourceLocation [jarPath=C:\apache-tomcat-6.0.36\lib\servlet-api.jar], JarResourceLocation [jarPath=C:\apache-tomcat-6.0.36\lib\catalina.jar], JarResourceLocation [jarPath=C:\apache-tomcat-6.0.36\lib\ecj-3.7.2.jar], JarResourceLocation [jarPath=D:\workspace\HSE\WebContent\WEB-INF\lib\jetty-io-7.6.8.v20121106.jar], FileSystemResourceLocation [root=D:\workspace\HSE\.], JarResourceLocation [jarPath=D:\workspace\HSE\WebContent\WEB-INF\lib\nutz-1.b.45-jdk6.jar], JarResourceLocation [jarPath=C:\apache-tomcat-6.0.36\lib\catalina-tribes.jar], JarResourceLocation [jarPath=C:\apache-tomcat-6.0.36\lib\tomcat-i18n-fr.jar], JarResourceLocation [jarPath=D:\workspace\HSE\WebContent\WEB-INF\lib\jetty-http-7.6.8.v20121106.jar], JarResourceLocation [jarPath=D:\workspace\HSE\WebContent\WEB-INF\lib\log4j-1.2.16.jar], JarResourceLocation [jarPath=C:\apache-tomcat-6.0.36\lib\jasper.jar], JarResourceLocation [jarPath=C:\apache-tomcat-6.0.36\lib\jsp-api.jar], JarResourceLocation [jarPath=C:\apache-tomcat-6.0.36\lib\tomcat-coyote.jar], JarResourceLocation [jarPath=D:\workspace\HSE\WebContent\WEB-INF\lib\commons-lang3-3.1.jar], JarResourceLocation [jarPath=D:\workspace\HSE\WebContent\WEB-INF\lib\druid-0.2.9.jar]]
2012-12-28 00:09:09,875 [main] DEBUG org.nutz.mvc.config.AbstractNutConfig - MainModule: <hse.jack.setup.MainModule>
2012-12-28 00:09:09,915 [main] DEBUG org.nutz.mvc.config.AbstractNutConfig - Loading by class org.nutz.mvc.impl.NutLoading
2012-12-28 00:09:09,917 [main] INFO  org.nutz.mvc.impl.NutLoading - Nutz Version : 1.b.45 
2012-12-28 00:09:09,917 [main] INFO  org.nutz.mvc.impl.NutLoading - Nutz.Mvc[org.nutz.mvc.NutFilter-6161922] is initializing ...
2012-12-28 00:09:09,918 [main] DEBUG org.nutz.mvc.impl.NutLoading - Web Container Information:
2012-12-28 00:09:09,918 [main] DEBUG org.nutz.mvc.impl.NutLoading -  - Default Charset : UTF-8
2012-12-28 00:09:09,918 [main] DEBUG org.nutz.mvc.impl.NutLoading -  - Current . path  : D:\workspace\HSE\.
2012-12-28 00:09:09,918 [main] DEBUG org.nutz.mvc.impl.NutLoading -  - Java Version    : 1.6.0_37
2012-12-28 00:09:09,919 [main] DEBUG org.nutz.mvc.impl.NutLoading -  - File separator  : \
2012-12-28 00:09:09,919 [main] DEBUG org.nutz.mvc.impl.NutLoading -  - Timezone        : Asia/Shanghai
2012-12-28 00:09:09,919 [main] DEBUG org.nutz.mvc.config.AbstractNutConfig - MainModule: <hse.jack.setup.MainModule>
2012-12-28 00:09:09,920 [main] ERROR org.nutz.mvc.impl.NutLoading - Error happend during start serivce!
java.lang.NullPointerException
	at org.nutz.mvc.config.AbstractNutConfig.getAppRoot(AbstractNutConfig.java:68)
	at org.nutz.mvc.impl.NutLoading.createContext(NutLoading.java:198)
	at org.nutz.mvc.impl.NutLoading.load(NutLoading.java:81)
	at org.nutz.mvc.ActionHandler.<init>(ActionHandler.java:19)
	at org.nutz.mvc.NutFilter.init(NutFilter.java:53)
	at org.eclipse.jetty.servlet.FilterHolder.doStart(FilterHolder.java:107)
	at org.eclipse.jetty.util.component.AbstractLifeCycle.start(AbstractLifeCycle.java:64)
	at org.eclipse.jetty.servlet.ServletHandler.initialize(ServletHandler.java:716)
	at org.eclipse.jetty.servlet.ServletContextHandler.startContext(ServletContextHandler.java:254)
	at org.eclipse.jetty.server.handler.ContextHandler.doStart(ContextHandler.java:683)
	at org.eclipse.jetty.util.component.AbstractLifeCycle.start(AbstractLifeCycle.java:64)
	at org.eclipse.jetty.server.handler.HandlerWrapper.doStart(HandlerWrapper.java:95)
	at org.eclipse.jetty.server.Server.doStart(Server.java:275)
	at org.eclipse.jetty.util.component.AbstractLifeCycle.start(AbstractLifeCycle.java:64)
	at hse.server.JettyServer.doStart(JettyServer.java:33)
	at hse.server.JettyServer.main(JettyServer.java:41)
2012-12-28 00:09:29,757 [main] INFO  org.nutz.log.Logs - Nutz is licensed under the Apache License, Version 2.0 .
Report bugs : https://github.com/nutzam/nutz/issues
2012-12-28 00:09:30,206 [main] DEBUG org.nutz.resource.Scans - Locations for Scans:
[JarResourceLocation [jarPath=D:\tools_software\eclipse3.7\configuration\org.eclipse.osgi\bundles\812\1\.cp\lib\jetty-util-6.1.26.jar], JarResourceLocation [jarPath=D:\tools_software\eclipse3.7\configuration\org.eclipse.osgi\bundles\812\1\.cp\lib\jetty-6.1.26.jar], JarResourceLocation [jarPath=D:\tools_software\eclipse3.7\configuration\org.eclipse.osgi\bundles\812\1\.cp\lib\jsp-api-2.1.jar], JarResourceLocation [jarPath=file:/D:/workspace/HSE/WebContent/WEB-INF/lib/nutz-1.b.45-jdk6.jar], FileSystemResourceLocation [root=D:\workspace\HSE\build\classes], JarResourceLocation [jarPath=D:\tools_software\eclipse3.7\configuration\org.eclipse.osgi\bundles\812\1\.cp\lib\core-3.1.1.jar], JarResourceLocation [jarPath=D:\tools_software\eclipse3.7\configuration\org.eclipse.osgi\bundles\812\1\.cp\lib\jetty-management-6.1.26.jar], JarResourceLocation [jarPath=D:\tools_software\eclipse3.7\configuration\org.eclipse.osgi\bundles\812\1\.cp\lib\servlet-api-2.5-20081211.jar], JarResourceLocation [jarPath=D:\tools_software\eclipse3.7\configuration\org.eclipse.osgi\bundles\812\1\.cp\lib\run-jetty-run-bootstrap.jar], FileSystemResourceLocation [root=D:\workspace\HSE\.], JarResourceLocation [jarPath=D:\tools_software\eclipse3.7\configuration\org.eclipse.osgi\bundles\812\1\.cp\lib\jsp-2.1.jar]]
2012-12-28 00:09:30,208 [main] INFO  org.nutz.resource.impl.ErrorResourceLocation - ErrorResourceLocation [loc=D:\workspace\HSE\WebContent\WEB-INF\classes], maybe it is in your classpath, but not exist
2012-12-28 00:09:30,862 [main] DEBUG org.nutz.resource.Scans - Locations for Scans:
[JarResourceLocation [jarPath=D:\workspace\HSE\WebContent\WEB-INF\lib\commons-logging-1.1.1.jar], JarResourceLocation [jarPath=D:\workspace\HSE\WebContent\WEB-INF\lib\jetty-server-7.6.8.v20121106.jar], JarResourceLocation [jarPath=D:\workspace\HSE\WebContent\WEB-INF\lib\jstl-1.2.jar], JarResourceLocation [jarPath=D:\workspace\HSE\WebContent\WEB-INF\lib\jetty-security-7.6.8.v20121106.jar], JarResourceLocation [jarPath=D:\workspace\HSE\WebContent\WEB-INF\lib\jetty-servlet-7.6.8.v20121106.jar], JarResourceLocation [jarPath=D:\workspace\HSE\WebContent\WEB-INF\lib\nutz-1.b.45-javadoc.jar], JarResourceLocation [jarPath=D:\workspace\HSE\WebContent\WEB-INF\lib\jetty-util-7.6.8.v20121106.jar], JarResourceLocation [jarPath=D:\tools_software\eclipse3.7\configuration\org.eclipse.osgi\bundles\812\1\.cp\lib\servlet-api-2.5-20081211.jar], JarResourceLocation [jarPath=D:\workspace\HSE\WebContent\WEB-INF\lib\nutz-1.b.45-sources.jar], JarResourceLocation [jarPath=D:\workspace\HSE\WebContent\WEB-INF\lib\druid-0.2.9-sources.jar], JarResourceLocation [jarPath=D:\tools_software\eclipse3.7\configuration\org.eclipse.osgi\bundles\812\1\.cp\lib\jetty-6.1.26.jar], JarResourceLocation [jarPath=D:\tools_software\eclipse3.7\configuration\org.eclipse.osgi\bundles\812\1\.cp\lib\jsp-api-2.1.jar], JarResourceLocation [jarPath=file:/D:/workspace/HSE/WebContent/WEB-INF/lib/nutz-1.b.45-jdk6.jar], FileSystemResourceLocation [root=D:\workspace\HSE\build\classes], JarResourceLocation [jarPath=D:\tools_software\eclipse3.7\configuration\org.eclipse.osgi\bundles\812\1\.cp\lib\jetty-management-6.1.26.jar], JarResourceLocation [jarPath=D:\workspace\HSE\WebContent\WEB-INF\lib\jetty-continuation-7.6.8.v20121106.jar], JarResourceLocation [jarPath=D:\tools_software\eclipse3.7\configuration\org.eclipse.osgi\bundles\812\1\.cp\lib\jsp-2.1.jar], JarResourceLocation [jarPath=D:\tools_software\eclipse3.7\configuration\org.eclipse.osgi\bundles\812\1\.cp\lib\run-jetty-run-bootstrap.jar], FileSystemResourceLocation [root=D:\workspace\HSE\.], JarResourceLocation [jarPath=D:\workspace\HSE\WebContent\WEB-INF\lib\jetty-io-7.6.8.v20121106.jar], JarResourceLocation [jarPath=D:\workspace\HSE\WebContent\WEB-INF\lib\nutz-1.b.45-jdk6.jar], JarResourceLocation [jarPath=D:\workspace\HSE\WebContent\WEB-INF\lib\jetty-http-7.6.8.v20121106.jar], ErrorResourceLocation [loc=D:\workspace\HSE\WebContent\WEB-INF\classes], JarResourceLocation [jarPath=D:\tools_software\eclipse3.7\configuration\org.eclipse.osgi\bundles\812\1\.cp\lib\jetty-util-6.1.26.jar], JarResourceLocation [jarPath=D:\workspace\HSE\WebContent\WEB-INF\lib\log4j-1.2.16.jar], JarResourceLocation [jarPath=D:\tools_software\eclipse3.7\configuration\org.eclipse.osgi\bundles\812\1\.cp\lib\core-3.1.1.jar], JarResourceLocation [jarPath=D:\workspace\HSE\WebContent\WEB-INF\lib\commons-lang3-3.1.jar], JarResourceLocation [jarPath=D:\workspace\HSE\WebContent\WEB-INF\lib\druid-0.2.9.jar]]
2012-12-28 00:09:30,871 [main] DEBUG org.nutz.mvc.config.AbstractNutConfig - MainModule: <hse.jack.setup.MainModule>
2012-12-28 00:09:30,920 [main] DEBUG org.nutz.mvc.config.AbstractNutConfig - Loading by class org.nutz.mvc.impl.NutLoading
2012-12-28 00:09:30,922 [main] INFO  org.nutz.mvc.impl.NutLoading - Nutz Version : 1.b.45 
2012-12-28 00:09:30,922 [main] INFO  org.nutz.mvc.impl.NutLoading - Nutz.Mvc[nutz] is initializing ...
2012-12-28 00:09:30,922 [main] DEBUG org.nutz.mvc.impl.NutLoading - Web Container Information:
2012-12-28 00:09:30,923 [main] DEBUG org.nutz.mvc.impl.NutLoading -  - Default Charset : UTF-8
2012-12-28 00:09:30,923 [main] DEBUG org.nutz.mvc.impl.NutLoading -  - Current . path  : D:\workspace\HSE\.
2012-12-28 00:09:30,923 [main] DEBUG org.nutz.mvc.impl.NutLoading -  - Java Version    : 1.6.0_37
2012-12-28 00:09:30,923 [main] DEBUG org.nutz.mvc.impl.NutLoading -  - File separator  : \
2012-12-28 00:09:30,923 [main] DEBUG org.nutz.mvc.impl.NutLoading -  - Timezone        : Asia/Shanghai
2012-12-28 00:09:30,924 [main] DEBUG org.nutz.mvc.config.AbstractNutConfig - MainModule: <hse.jack.setup.MainModule>
2012-12-28 00:09:30,925 [main] DEBUG org.nutz.mvc.impl.NutLoading - >> app.root = D:/workspace/HSE/WebContent
2012-12-28 00:09:30,927 [main] DEBUG org.nutz.mvc.impl.NutLoading - @IocBy(org.nutz.mvc.ioc.provider.ComboIocProvider)
2012-12-28 00:09:30,959 [main] DEBUG org.nutz.resource.Scans - Found 3 resource by src( ioc/ ) , regex( ^(.+[.])(js|json)$ )
2012-12-28 00:09:30,968 [main] DEBUG org.nutz.ioc.loader.json.JsonLoader - Loaded 11 bean define from path=[ioc/]
2012-12-28 00:09:30,983 [main] DEBUG org.nutz.resource.Scans - Found 38 resource by src( hse/jack/ ) , regex( ^.+[.]class$ )
2012-12-28 00:09:31,038 [main] DEBUG org.nutz.ioc.loader.annotation.AnnotationIocLoader - Found a Class with Ioc-Annotation : class hse.jack.module.ExamPaperInfoModule
2012-12-28 00:09:31,045 [main] DEBUG org.nutz.ioc.loader.annotation.AnnotationIocLoader - Processed Ioc Class : class hse.jack.module.ExamPaperInfoModule as [examPaperInfoModule]
2012-12-28 00:09:31,046 [main] DEBUG org.nutz.ioc.loader.annotation.AnnotationIocLoader - Found a Class with Ioc-Annotation : class hse.jack.module.EmployeeInfoModule
2012-12-28 00:09:31,049 [main] DEBUG org.nutz.ioc.loader.annotation.AnnotationIocLoader - Processed Ioc Class : class hse.jack.module.EmployeeInfoModule as [employeeInfoModule]
2012-12-28 00:09:31,049 [main] DEBUG org.nutz.ioc.loader.annotation.AnnotationIocLoader - Found a Class with Ioc-Annotation : class hse.jack.module.ExaminationPaperModule
2012-12-28 00:09:31,052 [main] DEBUG org.nutz.ioc.loader.annotation.AnnotationIocLoader - Processed Ioc Class : class hse.jack.module.ExaminationPaperModule as [examinationPaperModule]
2012-12-28 00:09:31,053 [main] DEBUG org.nutz.ioc.loader.annotation.AnnotationIocLoader - Found a Class with Ioc-Annotation : class hse.jack.module.DepartmentModule
2012-12-28 00:09:31,054 [main] DEBUG org.nutz.ioc.loader.annotation.AnnotationIocLoader - Processed Ioc Class : class hse.jack.module.DepartmentModule as [departmentModule]
2012-12-28 00:09:31,054 [main] DEBUG org.nutz.ioc.loader.annotation.AnnotationIocLoader - Found a Class with Ioc-Annotation : class hse.jack.module.ExamPaperModule
2012-12-28 00:09:31,057 [main] DEBUG org.nutz.ioc.loader.annotation.AnnotationIocLoader - Processed Ioc Class : class hse.jack.module.ExamPaperModule as [examPaperModule]
2012-12-28 00:09:31,058 [main] DEBUG org.nutz.ioc.loader.annotation.AnnotationIocLoader - Found a Class with Ioc-Annotation : class hse.jack.module.AccountModule
2012-12-28 00:09:31,060 [main] DEBUG org.nutz.ioc.loader.annotation.AnnotationIocLoader - Processed Ioc Class : class hse.jack.module.AccountModule as [accountModule]
2012-12-28 00:09:31,060 [main] DEBUG org.nutz.ioc.loader.annotation.AnnotationIocLoader - Found a Class with Ioc-Annotation : class hse.jack.module.JobInfosModule
2012-12-28 00:09:31,062 [main] DEBUG org.nutz.ioc.loader.annotation.AnnotationIocLoader - Processed Ioc Class : class hse.jack.module.JobInfosModule as [jobInfosModule]
2012-12-28 00:09:31,062 [main] DEBUG org.nutz.ioc.loader.annotation.AnnotationIocLoader - Found a Class with Ioc-Annotation : class hse.jack.module.ExamJdProblemModule
2012-12-28 00:09:31,064 [main] DEBUG org.nutz.ioc.loader.annotation.AnnotationIocLoader - Processed Ioc Class : class hse.jack.module.ExamJdProblemModule as [examJdProblemModule]
2012-12-28 00:09:31,064 [main] DEBUG org.nutz.ioc.loader.annotation.AnnotationIocLoader - Found a Class with Ioc-Annotation : class hse.jack.service.ExamMainPaperService
2012-12-28 00:09:31,065 [main] DEBUG org.nutz.ioc.loader.annotation.AnnotationIocLoader - Processed Ioc Class : class hse.jack.service.ExamMainPaperService as [examMainPaperService]
2012-12-28 00:09:31,066 [main] DEBUG org.nutz.ioc.loader.annotation.AnnotationIocLoader - Found a Class with Ioc-Annotation : class hse.jack.module.BlanksProblemModule
2012-12-28 00:09:31,067 [main] DEBUG org.nutz.ioc.loader.annotation.AnnotationIocLoader - Processed Ioc Class : class hse.jack.module.BlanksProblemModule as [blanksProblemModule]
2012-12-28 00:09:31,067 [main] DEBUG org.nutz.ioc.loader.annotation.AnnotationIocLoader - Found a Class with Ioc-Annotation : class hse.jack.module.GradeInfoModule
2012-12-28 00:09:31,069 [main] DEBUG org.nutz.ioc.loader.annotation.AnnotationIocLoader - Processed Ioc Class : class hse.jack.module.GradeInfoModule as [gradeInfoModule]
2012-12-28 00:09:31,069 [main] DEBUG org.nutz.ioc.loader.annotation.AnnotationIocLoader - Found a Class with Ioc-Annotation : class hse.jack.module.TrainSubjectModule
2012-12-28 00:09:31,070 [main] DEBUG org.nutz.ioc.loader.annotation.AnnotationIocLoader - Processed Ioc Class : class hse.jack.module.TrainSubjectModule as [trainSubjectModule]
2012-12-28 00:09:31,070 [main] DEBUG org.nutz.ioc.loader.annotation.AnnotationIocLoader - Found a Class with Ioc-Annotation : class hse.jack.service.ExamPaperInfoService
2012-12-28 00:09:31,072 [main] DEBUG org.nutz.ioc.loader.annotation.AnnotationIocLoader - Processed Ioc Class : class hse.jack.service.ExamPaperInfoService as [examPaperInfoService]
2012-12-28 00:09:31,073 [main] DEBUG org.nutz.ioc.loader.annotation.AnnotationIocLoader - Found a Class with Ioc-Annotation : class hse.jack.module.OptionProblemModule
2012-12-28 00:09:31,076 [main] DEBUG org.nutz.ioc.loader.annotation.AnnotationIocLoader - Processed Ioc Class : class hse.jack.module.OptionProblemModule as [optionProblemModule]
2012-12-28 00:09:31,076 [main] DEBUG org.nutz.ioc.loader.annotation.AnnotationIocLoader - Found a Class with Ioc-Annotation : class hse.jack.module.JudgeProblemModule
2012-12-28 00:09:31,081 [main] DEBUG org.nutz.ioc.loader.annotation.AnnotationIocLoader - Processed Ioc Class : class hse.jack.module.JudgeProblemModule as [judgeProblemModule]
2012-12-28 00:09:31,124 [main] DEBUG org.nutz.resource.Scans - Found 81 resource by src( org/nutz/castor/castor/ ) , regex( ^.+[.]class$ )
2012-12-28 00:09:31,493 [main] DEBUG org.nutz.castor.Castors - Using 80 castor for Castors
2012-12-28 00:09:31,496 [main] INFO  org.nutz.ioc.loader.annotation.AnnotationIocLoader - Scan complete ! Found 15 classes in 1 base-packages!
beans = ["judgeProblemModule", "examPaperModule", "examPaperInfoModule", "jobInfosModule", "examPaperInfoService", "departmentModule", "optionProblemModule", "blanksProblemModule", "employeeInfoModule", "accountModule", "gradeInfoModule", "examJdProblemModule", "trainSubjectModule", "examinationPaperModule", "examMainPaperService"]
2012-12-28 00:09:31,503 [main] DEBUG org.nutz.mvc.config.AbstractNutConfig - MainModule: <hse.jack.setup.MainModule>
2012-12-28 00:09:31,506 [main] INFO  org.nutz.mvc.impl.NutLoading - Build URL mapping by org.nutz.mvc.impl.UrlMappingImpl ...
2012-12-28 00:09:31,508 [main] DEBUG org.nutz.mvc.impl.NutLoading - @Views(DefaultViewMaker)
2012-12-28 00:09:31,514 [main] DEBUG org.nutz.mvc.impl.NutLoading - @ChainBy(org.nutz.mvc.impl.NutActionChainMaker)
2012-12-28 00:09:31,518 [main] DEBUG org.nutz.mvc.impl.Loadings - module class location 'file:/D:/workspace/HSE/build/classes/'
2012-12-28 00:09:31,519 [main] DEBUG org.nutz.mvc.impl.Loadings - module class location 'file:/D:/workspace/HSE/build/classes/'
2012-12-28 00:09:31,519 [main] DEBUG org.nutz.mvc.impl.Loadings -  > scan 'hse.jack.setup'
2012-12-28 00:09:31,524 [main] DEBUG org.nutz.resource.Scans - Found 2 resource by src( hse/jack/setup/ ) , regex( ^.+[.]class$ )
2012-12-28 00:09:31,525 [main] DEBUG org.nutz.mvc.impl.Loadings -  > scan 'hse.jack.module'
2012-12-28 00:09:31,530 [main] DEBUG org.nutz.resource.Scans - Found 13 resource by src( hse/jack/module/ ) , regex( ^.+[.]class$ )
2012-12-28 00:09:31,535 [main] DEBUG org.nutz.mvc.impl.Loadings -    >> add 'hse.jack.module.JobInfosModule'
2012-12-28 00:09:31,535 [main] DEBUG org.nutz.mvc.impl.Loadings -    >> add 'hse.jack.module.ExamPaperInfoModule'
2012-12-28 00:09:31,535 [main] DEBUG org.nutz.mvc.impl.Loadings -    >> add 'hse.jack.module.EmployeeInfoModule'
2012-12-28 00:09:31,536 [main] DEBUG org.nutz.mvc.impl.Loadings -    >> add 'hse.jack.module.ExamJdProblemModule'
2012-12-28 00:09:31,536 [main] DEBUG org.nutz.mvc.impl.Loadings -    >> add 'hse.jack.module.ExaminationPaperModule'
2012-12-28 00:09:31,536 [main] DEBUG org.nutz.mvc.impl.Loadings -    >> add 'hse.jack.module.BlanksProblemModule'
2012-12-28 00:09:31,537 [main] DEBUG org.nutz.mvc.impl.Loadings -    >> add 'hse.jack.module.GradeInfoModule'
2012-12-28 00:09:31,537 [main] DEBUG org.nutz.mvc.impl.Loadings -    >> add 'hse.jack.module.TrainSubjectModule'
2012-12-28 00:09:31,537 [main] DEBUG org.nutz.mvc.impl.Loadings -    >> add 'hse.jack.module.OptionProblemModule'
2012-12-28 00:09:31,538 [main] DEBUG org.nutz.mvc.impl.Loadings -    >> add 'hse.jack.module.DepartmentModule'
2012-12-28 00:09:31,538 [main] DEBUG org.nutz.mvc.impl.Loadings -    >> add 'hse.jack.module.ExamPaperModule'
2012-12-28 00:09:31,539 [main] DEBUG org.nutz.mvc.impl.Loadings -    >> add 'hse.jack.module.JudgeProblemModule'
2012-12-28 00:09:31,539 [main] DEBUG org.nutz.mvc.impl.Loadings -    >> add 'hse.jack.module.AccountModule'
2012-12-28 00:09:31,555 [main] DEBUG org.nutz.mvc.impl.UrlMappingImpl -    '/Job/addui'                >> addUi(...) : void | @Ok(jsp:page.job.input) @Fail(json) | by 0 Filters | (I:UTF-8/O:UTF-8)
2012-12-28 00:09:31,565 [main] DEBUG org.nutz.mvc.impl.UrlMappingImpl -    '/Job/editui'               >> editUi(...) : JobInfos | @Ok(jsp:page.job.input) @Fail(json) | by 0 Filters | (I:UTF-8/O:UTF-8)
2012-12-28 00:09:31,566 [main] DEBUG org.nutz.mvc.impl.UrlMappingImpl -    '/Job/queryui'              >> queryUi(...) : void | @Ok(jsp:page.job.query) @Fail(json) | by 0 Filters | (I:UTF-8/O:UTF-8)
2012-12-28 00:09:31,567 [main] DEBUG org.nutz.ioc.impl.NutIoc - Get 'json'<interface org.nutz.mvc.View>
2012-12-28 00:09:31,568 [main] DEBUG org.nutz.ioc.impl.NutIoc - 	 >> Load definition
2012-12-28 00:09:31,569 [main] DEBUG org.nutz.ioc.loader.map.MapLoader - Loading define for name=json
2012-12-28 00:09:31,571 [main] DEBUG org.nutz.ioc.loader.combo.ComboIocLoader - Found IocObject(json) in IocLoader(JsonLoader@15091334)
2012-12-28 00:09:31,571 [main] DEBUG org.nutz.ioc.impl.NutIoc - 	 >> Make...'json'<interface org.nutz.mvc.View>
2012-12-28 00:09:31,573 [main] DEBUG org.nutz.ioc.impl.NutIoc - Get '$aop'<interface org.nutz.ioc.aop.config.AopConfigration>
2012-12-28 00:09:31,573 [main] DEBUG org.nutz.ioc.impl.NutIoc - 	 >> Load definition
2012-12-28 00:09:31,573 [main] DEBUG org.nutz.ioc.loader.map.MapLoader - Loading define for name=$aop
2012-12-28 00:09:31,576 [main] DEBUG org.nutz.ioc.loader.combo.ComboIocLoader - Found IocObject($aop) in IocLoader(JsonLoader@15091334)
2012-12-28 00:09:31,576 [main] DEBUG org.nutz.ioc.impl.NutIoc - 	 >> Make...'$aop'<interface org.nutz.ioc.aop.config.AopConfigration>
2012-12-28 00:09:31,577 [main] DEBUG org.nutz.ioc.impl.ScopeContext - Save object '$aop' to [app] 
2012-12-28 00:09:31,594 [main] DEBUG org.nutz.ioc.aop.impl.DefaultMirrorFactory - class org.nutz.mvc.view.UTF8JsonView , no config to enable AOP.
2012-12-28 00:09:31,594 [main] DEBUG org.nutz.ioc.impl.ScopeContext - Save object 'json' to [app] 
2012-12-28 00:09:31,596 [main] DEBUG org.nutz.ioc.aop.impl.DefaultMirrorFactory - class org.nutz.json.JsonFormat , no config to enable AOP.
2012-12-28 00:09:31,598 [main] DEBUG org.nutz.ioc.aop.impl.DefaultMirrorFactory - class org.nutz.json.JsonFormat , no config to enable AOP.
2012-12-28 00:09:31,598 [main] DEBUG org.nutz.mvc.impl.UrlMappingImpl -    '/Job/delbyids'             >> delByIds(...) : Object | @Ok(ioc:json) @Fail(json) | by 0 Filters | (I:UTF-8/O:UTF-8)
2012-12-28 00:09:31,600 [main] DEBUG org.nutz.mvc.impl.UrlMappingImpl -    '/Job/getgwinfo'            >> getGwInfo(...) : Map | @Ok(json) @Fail(json) | by 0 Filters | (I:UTF-8/O:UTF-8)
2012-12-28 00:09:31,601 [main] DEBUG org.nutz.ioc.impl.NutIoc - Get 'json'<interface org.nutz.mvc.View>
2012-12-28 00:09:31,602 [main] DEBUG org.nutz.mvc.impl.UrlMappingImpl -    '/Job/add'                  >> add(...) : Object | @Ok(ioc:json) @Fail(json) | by 0 Filters | (I:UTF-8/O:UTF-8)
2012-12-28 00:09:31,604 [main] DEBUG org.nutz.mvc.impl.UrlMappingImpl -    '/Job/list'                 >> list(...) : Object | @Ok(jsp:page.job.list) @Fail(json) | by 0 Filters | (I:UTF-8/O:UTF-8)
2012-12-28 00:09:31,605 [main] DEBUG org.nutz.ioc.impl.NutIoc - Get 'json'<interface org.nutz.mvc.View>
2012-12-28 00:09:31,605 [main] DEBUG org.nutz.mvc.impl.UrlMappingImpl -    '/Job/delete'               >> delete(...) : Object | @Ok(ioc:json) @Fail(json) | by 0 Filters | (I:UTF-8/O:UTF-8)
2012-12-28 00:09:31,606 [main] DEBUG org.nutz.ioc.impl.NutIoc - Get 'json'<interface org.nutz.mvc.View>
2012-12-28 00:09:31,606 [main] DEBUG org.nutz.mvc.impl.UrlMappingImpl -    '/Job/update'               >> update(...) : Object | @Ok(ioc:json) @Fail(json) | by 0 Filters | (I:UTF-8/O:UTF-8)
2012-12-28 00:09:31,608 [main] DEBUG org.nutz.mvc.impl.UrlMappingImpl -    '/Job/view'                 >> view(...) : JobInfos | @Ok(jsp:page.job.view) @Fail(json) | by 0 Filters | (I:UTF-8/O:UTF-8)
2012-12-28 00:09:31,608 [main] DEBUG org.nutz.ioc.impl.NutIoc - Get 'json'<interface org.nutz.mvc.View>
2012-12-28 00:09:31,609 [main] DEBUG org.nutz.mvc.impl.UrlMappingImpl -    '/ExamInfo/addui'           >> addUi(...) : void | @Ok(ioc:json) @Fail(json) | by 0 Filters | (I:UTF-8/O:UTF-8)
2012-12-28 00:09:31,609 [main] DEBUG org.nutz.mvc.impl.UrlMappingImpl -    '/Employee/addui'           >> addUi(...) : Map | @Ok(jsp:page.employee.input) @Fail(json) | by 0 Filters | (I:UTF-8/O:UTF-8)
2012-12-28 00:09:31,618 [main] DEBUG org.nutz.mvc.impl.UrlMappingImpl -    '/Employee/editui'          >> editUi(...) : Map | @Ok(jsp:page.employee.edit) @Fail(json) | by 0 Filters | (I:UTF-8/O:UTF-8)
2012-12-28 00:09:31,619 [main] DEBUG org.nutz.mvc.impl.UrlMappingImpl -    '/Employee/queryui'         >> queryUi(...) : Map | @Ok(jsp:page.employee.query) @Fail(json) | by 0 Filters | (I:UTF-8/O:UTF-8)
2012-12-28 00:09:31,619 [main] DEBUG org.nutz.ioc.impl.NutIoc - Get 'json'<interface org.nutz.mvc.View>
2012-12-28 00:09:31,620 [main] DEBUG org.nutz.mvc.impl.UrlMappingImpl -    '/Employee/delbyids'        >> delByIds(...) : Object | @Ok(ioc:json) @Fail(json) | by 0 Filters | (I:UTF-8/O:UTF-8)
2012-12-28 00:09:31,624 [main] DEBUG org.nutz.ioc.impl.NutIoc - Get 'json'<interface org.nutz.mvc.View>
2012-12-28 00:09:31,624 [main] DEBUG org.nutz.mvc.impl.UrlMappingImpl -    '/Employee/add'             >> add(...) : Object | @Ok(ioc:json) @Fail(json) | by 0 Filters | (I:UTF-8/O:UTF-8)
2012-12-28 00:09:31,627 [main] DEBUG org.nutz.mvc.impl.UrlMappingImpl -    '/Employee/list'            >> list(...) : Object | @Ok(jsp:page.employee.list) @Fail(json) | by 0 Filters | (I:UTF-8/O:UTF-8)
2012-12-28 00:09:31,629 [main] DEBUG org.nutz.ioc.impl.NutIoc - Get 'json'<interface org.nutz.mvc.View>
2012-12-28 00:09:31,629 [main] DEBUG org.nutz.mvc.impl.UrlMappingImpl -    '/Employee/delete'          >> delete(...) : Object | @Ok(ioc:json) @Fail(json) | by 0 Filters | (I:UTF-8/O:UTF-8)
2012-12-28 00:09:31,632 [main] DEBUG org.nutz.ioc.impl.NutIoc - Get 'json'<interface org.nutz.mvc.View>
2012-12-28 00:09:31,632 [main] DEBUG org.nutz.mvc.impl.UrlMappingImpl -    '/Employee/update'          >> update(...) : Object | @Ok(ioc:json) @Fail(json) | by 0 Filters | (I:UTF-8/O:UTF-8)
2012-12-28 00:09:31,634 [main] DEBUG org.nutz.mvc.impl.UrlMappingImpl -    '/Employee/view'            >> view(...) : EmployeeInfo | @Ok(jsp:page.employee.view) @Fail(json) | by 0 Filters | (I:UTF-8/O:UTF-8)
2012-12-28 00:09:31,635 [main] DEBUG org.nutz.mvc.impl.UrlMappingImpl -    '/Jdt/addui'                >> addUi(...) : Map | @Ok(jsp:page.jdt.input) @Fail(json) | by 0 Filters | (I:UTF-8/O:UTF-8)
2012-12-28 00:09:31,637 [main] DEBUG org.nutz.mvc.impl.UrlMappingImpl -    '/Jdt/editui'               >> editUi(...) : Map | @Ok(jsp:page.jdt.edit) @Fail(json) | by 0 Filters | (I:UTF-8/O:UTF-8)
2012-12-28 00:09:31,637 [main] DEBUG org.nutz.mvc.impl.UrlMappingImpl -    '/Jdt/queryui'              >> queryUi(...) : void | @Ok(jsp:page.jdt.query) @Fail(json) | by 0 Filters | (I:UTF-8/O:UTF-8)
2012-12-28 00:09:31,641 [main] DEBUG org.nutz.ioc.impl.NutIoc - Get 'json'<interface org.nutz.mvc.View>
2012-12-28 00:09:31,641 [main] DEBUG org.nutz.mvc.impl.UrlMappingImpl -    '/Jdt/delbyids'             >> delByIds(...) : Object | @Ok(ioc:json) @Fail(json) | by 0 Filters | (I:UTF-8/O:UTF-8)
2012-12-28 00:09:31,643 [main] DEBUG org.nutz.ioc.impl.NutIoc - Get 'json'<interface org.nutz.mvc.View>
2012-12-28 00:09:31,644 [main] DEBUG org.nutz.mvc.impl.UrlMappingImpl -    '/Jdt/add'                  >> add(...) : Object | @Ok(ioc:json) @Fail(json) | by 0 Filters | (I:UTF-8/O:UTF-8)
2012-12-28 00:09:31,645 [main] DEBUG org.nutz.mvc.impl.UrlMappingImpl -    '/Jdt/list'                 >> list(...) : Object | @Ok(jsp:page.jdt.list) @Fail(json) | by 0 Filters | (I:UTF-8/O:UTF-8)
2012-12-28 00:09:31,647 [main] DEBUG org.nutz.ioc.impl.NutIoc - Get 'json'<interface org.nutz.mvc.View>
2012-12-28 00:09:31,647 [main] DEBUG org.nutz.mvc.impl.UrlMappingImpl -    '/Jdt/delete'               >> delete(...) : Object | @Ok(ioc:json) @Fail(json) | by 0 Filters | (I:UTF-8/O:UTF-8)
2012-12-28 00:09:31,649 [main] DEBUG org.nutz.ioc.impl.NutIoc - Get 'json'<interface org.nutz.mvc.View>
2012-12-28 00:09:31,649 [main] DEBUG org.nutz.mvc.impl.UrlMappingImpl -    '/Jdt/update'               >> update(...) : Object | @Ok(ioc:json) @Fail(json) | by 0 Filters | (I:UTF-8/O:UTF-8)
2012-12-28 00:09:31,651 [main] DEBUG org.nutz.mvc.impl.UrlMappingImpl -    '/Jdt/view'                 >> view(...) : ExamJdProblem | @Ok(jsp:page.jdt.view) @Fail(json) | by 0 Filters | (I:UTF-8/O:UTF-8)
2012-12-28 00:09:31,651 [main] DEBUG org.nutz.mvc.impl.UrlMappingImpl -    '/Examination/addui'        >> addUi(...) : Map | @Ok(jsp:page.exam.view) @Fail(json) | by 0 Filters | (I:UTF-8/O:UTF-8)
2012-12-28 00:09:31,652 [main] DEBUG org.nutz.mvc.impl.UrlMappingImpl -    '/Examination/queryui'      >> queryUi(...) : Map | @Ok(jsp:page.exam.query) @Fail(json) | by 0 Filters | (I:UTF-8/O:UTF-8)
2012-12-28 00:09:31,654 [main] DEBUG org.nutz.mvc.impl.UrlMappingImpl -    '/Examination/randomTo'     >> RandomToExamPaper(...) : Map | @Ok(jsp:page.exam.list) @Fail(json) | by 0 Filters | (I:UTF-8/O:UTF-8)
2012-12-28 00:09:31,654 [main] DEBUG org.nutz.mvc.impl.UrlMappingImpl -    '/Examination/list'         >> list(...) : void | @Ok(jsp:page.exam.list) @Fail(json) | by 0 Filters | (I:UTF-8/O:UTF-8)
2012-12-28 00:09:31,655 [main] DEBUG org.nutz.mvc.impl.UrlMappingImpl -    '/Blanks/addui'             >> addUi(...) : Map | @Ok(jsp:page.blanks.input) @Fail(json) | by 0 Filters | (I:UTF-8/O:UTF-8)
2012-12-28 00:09:31,657 [main] DEBUG org.nutz.mvc.impl.UrlMappingImpl -    '/Blanks/editui'            >> editUi(...) : Map | @Ok(jsp:page.blanks.edit) @Fail(json) | by 0 Filters | (I:UTF-8/O:UTF-8)
2012-12-28 00:09:31,657 [main] DEBUG org.nutz.mvc.impl.UrlMappingImpl -    '/Blanks/queryui'           >> queryUi(...) : Map | @Ok(jsp:page.blanks.query) @Fail(json) | by 0 Filters | (I:UTF-8/O:UTF-8)
2012-12-28 00:09:31,658 [main] DEBUG org.nutz.ioc.impl.NutIoc - Get 'json'<interface org.nutz.mvc.View>
2012-12-28 00:09:31,658 [main] DEBUG org.nutz.mvc.impl.UrlMappingImpl -    '/Blanks/delbyids'          >> delByIds(...) : Object | @Ok(ioc:json) @Fail(json) | by 0 Filters | (I:UTF-8/O:UTF-8)
2012-12-28 00:09:31,659 [main] DEBUG org.nutz.ioc.impl.NutIoc - Get 'json'<interface org.nutz.mvc.View>
2012-12-28 00:09:31,660 [main] DEBUG org.nutz.mvc.impl.UrlMappingImpl -    '/Blanks/add'               >> add(...) : Object | @Ok(ioc:json) @Fail(json) | by 0 Filters | (I:UTF-8/O:UTF-8)
2012-12-28 00:09:31,661 [main] DEBUG org.nutz.mvc.impl.UrlMappingImpl -    '/Blanks/list'              >> list(...) : Object | @Ok(jsp:page.blanks.list) @Fail(json) | by 0 Filters | (I:UTF-8/O:UTF-8)
2012-12-28 00:09:31,662 [main] DEBUG org.nutz.ioc.impl.NutIoc - Get 'json'<interface org.nutz.mvc.View>
2012-12-28 00:09:31,663 [main] DEBUG org.nutz.mvc.impl.UrlMappingImpl -    '/Blanks/delete'            >> delete(...) : Object | @Ok(ioc:json) @Fail(json) | by 0 Filters | (I:UTF-8/O:UTF-8)
2012-12-28 00:09:31,664 [main] DEBUG org.nutz.ioc.impl.NutIoc - Get 'json'<interface org.nutz.mvc.View>
2012-12-28 00:09:31,664 [main] DEBUG org.nutz.mvc.impl.UrlMappingImpl -    '/Blanks/update'            >> update(...) : Object | @Ok(ioc:json) @Fail(json) | by 0 Filters | (I:UTF-8/O:UTF-8)
2012-12-28 00:09:31,666 [main] DEBUG org.nutz.mvc.impl.UrlMappingImpl -    '/Blanks/view'              >> view(...) : BlanksProblem | @Ok(jsp:page.blanks.view) @Fail(json) | by 0 Filters | (I:UTF-8/O:UTF-8)
2012-12-28 00:09:31,666 [main] DEBUG org.nutz.mvc.impl.UrlMappingImpl -    '/GradeInfo/addui'          >> addUi(...) : Map | @Ok(jsp:page.grade.input) @Fail(json) | by 0 Filters | (I:UTF-8/O:UTF-8)
2012-12-28 00:09:31,670 [main] DEBUG org.nutz.mvc.impl.UrlMappingImpl -    '/GradeInfo/editui'         >> editUi(...) : GradeInfo | @Ok(jsp:page.grade.input) @Fail(json) | by 0 Filters | (I:UTF-8/O:UTF-8)
2012-12-28 00:09:31,671 [main] DEBUG org.nutz.mvc.impl.UrlMappingImpl -    '/GradeInfo/queryui'        >> queryUi(...) : void | @Ok(jsp:page.grade.query) @Fail(json) | by 0 Filters | (I:UTF-8/O:UTF-8)
2012-12-28 00:09:31,671 [main] DEBUG org.nutz.ioc.impl.NutIoc - Get 'json'<interface org.nutz.mvc.View>
2012-12-28 00:09:31,671 [main] DEBUG org.nutz.mvc.impl.UrlMappingImpl -    '/GradeInfo/delbyids'       >> delByIds(...) : Object | @Ok(ioc:json) @Fail(json) | by 0 Filters | (I:UTF-8/O:UTF-8)
2012-12-28 00:09:31,673 [main] DEBUG org.nutz.ioc.impl.NutIoc - Get 'json'<interface org.nutz.mvc.View>
2012-12-28 00:09:31,674 [main] DEBUG org.nutz.mvc.impl.UrlMappingImpl -    '/GradeInfo/add'            >> add(...) : Object | @Ok(ioc:json) @Fail(json) | by 0 Filters | (I:UTF-8/O:UTF-8)
2012-12-28 00:09:31,675 [main] DEBUG org.nutz.mvc.impl.UrlMappingImpl -    '/GradeInfo/list'           >> list(...) : Object | @Ok(jsp:page.grade.list) @Fail(json) | by 0 Filters | (I:UTF-8/O:UTF-8)
2012-12-28 00:09:31,677 [main] DEBUG org.nutz.ioc.impl.NutIoc - Get 'json'<interface org.nutz.mvc.View>
2012-12-28 00:09:31,677 [main] DEBUG org.nutz.mvc.impl.UrlMappingImpl -    '/GradeInfo/delete'         >> delete(...) : Object | @Ok(ioc:json) @Fail(json) | by 0 Filters | (I:UTF-8/O:UTF-8)
2012-12-28 00:09:31,678 [main] DEBUG org.nutz.ioc.impl.NutIoc - Get 'json'<interface org.nutz.mvc.View>
2012-12-28 00:09:31,679 [main] DEBUG org.nutz.mvc.impl.UrlMappingImpl -    '/GradeInfo/update'         >> update(...) : Object | @Ok(ioc:json) @Fail(json) | by 0 Filters | (I:UTF-8/O:UTF-8)
2012-12-28 00:09:31,680 [main] DEBUG org.nutz.mvc.impl.UrlMappingImpl -    '/GradeInfo/view'           >> view(...) : GradeInfo | @Ok(jsp:page.grade.view) @Fail(json) | by 0 Filters | (I:UTF-8/O:UTF-8)
2012-12-28 00:09:31,681 [main] DEBUG org.nutz.mvc.impl.UrlMappingImpl -    '/Tsub/addui'               >> addUi(...) : void | @Ok(jsp:page.sub.input) @Fail(json) | by 0 Filters | (I:UTF-8/O:UTF-8)
2012-12-28 00:09:31,682 [main] DEBUG org.nutz.mvc.impl.UrlMappingImpl -    '/Tsub/editui'              >> editUi(...) : TrainSubject | @Ok(jsp:page.sub.input) @Fail(json) | by 0 Filters | (I:UTF-8/O:UTF-8)
2012-12-28 00:09:31,683 [main] DEBUG org.nutz.mvc.impl.UrlMappingImpl -    '/Tsub/queryui'             >> queryUi(...) : void | @Ok(jsp:page.sub.query) @Fail(json) | by 0 Filters | (I:UTF-8/O:UTF-8)
2012-12-28 00:09:31,683 [main] DEBUG org.nutz.ioc.impl.NutIoc - Get 'json'<interface org.nutz.mvc.View>
2012-12-28 00:09:31,684 [main] DEBUG org.nutz.mvc.impl.UrlMappingImpl -    '/Tsub/delbyids'            >> delByIds(...) : Object | @Ok(ioc:json) @Fail(json) | by 0 Filters | (I:UTF-8/O:UTF-8)
2012-12-28 00:09:31,684 [main] DEBUG org.nutz.ioc.impl.NutIoc - Get 'json'<interface org.nutz.mvc.View>
2012-12-28 00:09:31,684 [main] DEBUG org.nutz.mvc.impl.UrlMappingImpl -    '/Tsub/add'                 >> add(...) : Object | @Ok(ioc:json) @Fail(json) | by 0 Filters | (I:UTF-8/O:UTF-8)
2012-12-28 00:09:31,685 [main] DEBUG org.nutz.mvc.impl.UrlMappingImpl -    '/Tsub/list'                >> list(...) : Object | @Ok(jsp:page.sub.list) @Fail(json) | by 0 Filters | (I:UTF-8/O:UTF-8)
2012-12-28 00:09:31,686 [main] DEBUG org.nutz.ioc.impl.NutIoc - Get 'json'<interface org.nutz.mvc.View>
2012-12-28 00:09:31,686 [main] DEBUG org.nutz.mvc.impl.UrlMappingImpl -    '/Tsub/delete'              >> delete(...) : Object | @Ok(ioc:json) @Fail(json) | by 0 Filters | (I:UTF-8/O:UTF-8)
2012-12-28 00:09:31,687 [main] DEBUG org.nutz.ioc.impl.NutIoc - Get 'json'<interface org.nutz.mvc.View>
2012-12-28 00:09:31,687 [main] DEBUG org.nutz.mvc.impl.UrlMappingImpl -    '/Tsub/update'              >> update(...) : Object | @Ok(ioc:json) @Fail(json) | by 0 Filters | (I:UTF-8/O:UTF-8)
2012-12-28 00:09:31,688 [main] DEBUG org.nutz.mvc.impl.UrlMappingImpl -    '/Tsub/view'                >> view(...) : TrainSubject | @Ok(jsp:page.sub.view) @Fail(json) | by 0 Filters | (I:UTF-8/O:UTF-8)
2012-12-28 00:09:31,689 [main] DEBUG org.nutz.mvc.impl.UrlMappingImpl -    '/Option/addui'             >> addUi(...) : Map | @Ok(jsp:page.option.input) @Fail(json) | by 0 Filters | (I:UTF-8/O:UTF-8)
2012-12-28 00:09:31,692 [main] DEBUG org.nutz.mvc.impl.UrlMappingImpl -    '/Option/editui'            >> editUi(...) : Map | @Ok(jsp:page.option.edit) @Fail(json) | by 0 Filters | (I:UTF-8/O:UTF-8)
2012-12-28 00:09:31,692 [main] DEBUG org.nutz.mvc.impl.UrlMappingImpl -    '/Option/queryui'           >> queryUi(...) : void | @Ok(jsp:page.option.query) @Fail(json) | by 0 Filters | (I:UTF-8/O:UTF-8)
2012-12-28 00:09:31,693 [main] DEBUG org.nutz.ioc.impl.NutIoc - Get 'json'<interface org.nutz.mvc.View>
2012-12-28 00:09:31,693 [main] DEBUG org.nutz.mvc.impl.UrlMappingImpl -    '/Option/delbyids'          >> delByIds(...) : Object | @Ok(ioc:json) @Fail(json) | by 0 Filters | (I:UTF-8/O:UTF-8)
2012-12-28 00:09:31,695 [main] DEBUG org.nutz.ioc.impl.NutIoc - Get 'json'<interface org.nutz.mvc.View>
2012-12-28 00:09:31,696 [main] DEBUG org.nutz.mvc.impl.UrlMappingImpl -    '/Option/add'               >> add(...) : Object | @Ok(ioc:json) @Fail(json) | by 0 Filters | (I:UTF-8/O:UTF-8)
2012-12-28 00:09:31,698 [main] DEBUG org.nutz.mvc.impl.UrlMappingImpl -    '/Option/list'              >> list(...) : Object | @Ok(jsp:page.option.list) @Fail(json) | by 0 Filters | (I:UTF-8/O:UTF-8)
2012-12-28 00:09:31,706 [main] DEBUG org.nutz.ioc.impl.NutIoc - Get 'json'<interface org.nutz.mvc.View>
2012-12-28 00:09:31,706 [main] DEBUG org.nutz.mvc.impl.UrlMappingImpl -    '/Option/delete'            >> delete(...) : Object | @Ok(ioc:json) @Fail(json) | by 0 Filters | (I:UTF-8/O:UTF-8)
2012-12-28 00:09:31,708 [main] DEBUG org.nutz.ioc.impl.NutIoc - Get 'json'<interface org.nutz.mvc.View>
2012-12-28 00:09:31,709 [main] DEBUG org.nutz.mvc.impl.UrlMappingImpl -    '/Option/update'            >> update(...) : Object | @Ok(ioc:json) @Fail(json) | by 0 Filters | (I:UTF-8/O:UTF-8)
2012-12-28 00:09:31,711 [main] DEBUG org.nutz.mvc.impl.UrlMappingImpl -    '/Option/view'              >> view(...) : OptionProblem | @Ok(jsp:page.option.view) @Fail(json) | by 0 Filters | (I:UTF-8/O:UTF-8)
2012-12-28 00:09:31,712 [main] DEBUG org.nutz.mvc.impl.UrlMappingImpl -    '/Department/addui'         >> addUi(...) : void | @Ok(jsp:page.department.input) @Fail(json) | by 0 Filters | (I:UTF-8/O:UTF-8)
2012-12-28 00:09:31,713 [main] DEBUG org.nutz.mvc.impl.UrlMappingImpl -    '/Department/editui'        >> editUi(...) : Department | @Ok(jsp:page.department.input) @Fail(json) | by 0 Filters | (I:UTF-8/O:UTF-8)
2012-12-28 00:09:31,714 [main] DEBUG org.nutz.mvc.impl.UrlMappingImpl -    '/Department/queryui'       >> queryUi(...) : void | @Ok(jsp:page.department.query) @Fail(json) | by 0 Filters | (I:UTF-8/O:UTF-8)
2012-12-28 00:09:31,714 [main] DEBUG org.nutz.ioc.impl.NutIoc - Get 'json'<interface org.nutz.mvc.View>
2012-12-28 00:09:31,715 [main] DEBUG org.nutz.mvc.impl.UrlMappingImpl -    '/Department/delbyids'      >> delByIds(...) : Object | @Ok(ioc:json) @Fail(json) | by 0 Filters | (I:UTF-8/O:UTF-8)
2012-12-28 00:09:31,716 [main] DEBUG org.nutz.ioc.impl.NutIoc - Get 'json'<interface org.nutz.mvc.View>
2012-12-28 00:09:31,716 [main] DEBUG org.nutz.mvc.impl.UrlMappingImpl -    '/Department/add'           >> add(...) : Object | @Ok(ioc:json) @Fail(json) | by 0 Filters | (I:UTF-8/O:UTF-8)
2012-12-28 00:09:31,717 [main] DEBUG org.nutz.mvc.impl.UrlMappingImpl -    '/Department/list'          >> list(...) : Object | @Ok(jsp:page.department.list) @Fail(json) | by 0 Filters | (I:UTF-8/O:UTF-8)
2012-12-28 00:09:31,719 [main] DEBUG org.nutz.ioc.impl.NutIoc - Get 'json'<interface org.nutz.mvc.View>
2012-12-28 00:09:31,719 [main] DEBUG org.nutz.mvc.impl.UrlMappingImpl -    '/Department/delete'        >> delete(...) : Object | @Ok(ioc:json) @Fail(json) | by 0 Filters | (I:UTF-8/O:UTF-8)
2012-12-28 00:09:31,720 [main] DEBUG org.nutz.ioc.impl.NutIoc - Get 'json'<interface org.nutz.mvc.View>
2012-12-28 00:09:31,720 [main] DEBUG org.nutz.mvc.impl.UrlMappingImpl -    '/Department/update'        >> update(...) : Object | @Ok(ioc:json) @Fail(json) | by 0 Filters | (I:UTF-8/O:UTF-8)
2012-12-28 00:09:31,721 [main] DEBUG org.nutz.mvc.impl.UrlMappingImpl -    '/Department/view'          >> view(...) : Department | @Ok(jsp:page.department.view) @Fail(json) | by 0 Filters | (I:UTF-8/O:UTF-8)
2012-12-28 00:09:31,723 [main] DEBUG org.nutz.mvc.impl.UrlMappingImpl -    '/ExamMain/editui'          >> editUi(...) : Map | @Ok(jsp:page.exam.edit) @Fail(json) | by 0 Filters | (I:UTF-8/O:UTF-8)
2012-12-28 00:09:31,725 [main] DEBUG org.nutz.mvc.impl.UrlMappingImpl -    '/ExamMain/queryui'         >> queryUi(...) : Map | @Ok(jsp:page.exam.query) @Fail(json) | by 0 Filters | (I:UTF-8/O:UTF-8)
2012-12-28 00:09:31,725 [main] DEBUG org.nutz.ioc.impl.NutIoc - Get 'json'<interface org.nutz.mvc.View>
2012-12-28 00:09:31,725 [main] DEBUG org.nutz.mvc.impl.UrlMappingImpl -    '/ExamMain/delbyids'        >> delByIds(...) : Object | @Ok(ioc:json) @Fail(json) | by 0 Filters | (I:UTF-8/O:UTF-8)
2012-12-28 00:09:31,726 [main] DEBUG org.nutz.mvc.impl.UrlMappingImpl -    '/ExamMain/rgaddui'         >> rgaddUi(...) : Map | @Ok(jsp:page.exam.rginput) @Fail(json) | by 0 Filters | (I:UTF-8/O:UTF-8)
2012-12-28 00:09:31,727 [main] DEBUG org.nutz.mvc.impl.UrlMappingImpl -    '/ExamMain/autoaddui'       >> autoAddUi(...) : Map | @Ok(jsp:page.exam.autoinput) @Fail(json) | by 0 Filters | (I:UTF-8/O:UTF-8)
2012-12-28 00:09:31,727 [main] DEBUG org.nutz.mvc.impl.UrlMappingImpl -    '/ExamMain/autoadd'         >> autoAdd(...) : Object | @Ok(json) @Fail(json) | by 0 Filters | (I:UTF-8/O:UTF-8)
2012-12-28 00:09:31,729 [main] DEBUG org.nutz.ioc.impl.NutIoc - Get 'json'<interface org.nutz.mvc.View>
2012-12-28 00:09:31,732 [main] DEBUG org.nutz.mvc.impl.UrlMappingImpl -    '/ExamMain/add'             >> add(...) : Object | @Ok(ioc:json) @Fail(json) | by 0 Filters | (I:UTF-8/O:UTF-8)
2012-12-28 00:09:31,739 [main] DEBUG org.nutz.mvc.impl.UrlMappingImpl -    '/ExamMain/list'            >> list(...) : Object | @Ok(jsp:page.exam.list) @Fail(json) | by 0 Filters | (I:UTF-8/O:UTF-8)
2012-12-28 00:09:31,740 [main] DEBUG org.nutz.ioc.impl.NutIoc - Get 'json'<interface org.nutz.mvc.View>
2012-12-28 00:09:31,741 [main] DEBUG org.nutz.mvc.impl.UrlMappingImpl -    '/ExamMain/delete'          >> delete(...) : Object | @Ok(ioc:json) @Fail(json) | by 0 Filters | (I:UTF-8/O:UTF-8)
2012-12-28 00:09:31,741 [main] DEBUG org.nutz.ioc.impl.NutIoc - Get 'json'<interface org.nutz.mvc.View>
2012-12-28 00:09:31,741 [main] DEBUG org.nutz.mvc.impl.UrlMappingImpl -    '/ExamMain/insert'          >> insert(...) : void | @Ok(ioc:json) @Fail(json) | by 0 Filters | (I:UTF-8/O:UTF-8)
2012-12-28 00:09:31,743 [main] DEBUG org.nutz.ioc.impl.NutIoc - Get 'json'<interface org.nutz.mvc.View>
2012-12-28 00:09:31,743 [main] DEBUG org.nutz.mvc.impl.UrlMappingImpl -    '/ExamMain/update'          >> update(...) : Object | @Ok(ioc:json) @Fail(json) | by 0 Filters | (I:UTF-8/O:UTF-8)
2012-12-28 00:09:31,744 [main] DEBUG org.nutz.mvc.impl.UrlMappingImpl -    '/Judge/addui'              >> addUi(...) : Map | @Ok(jsp:page.judge.input) @Fail(json) | by 0 Filters | (I:UTF-8/O:UTF-8)
2012-12-28 00:09:31,745 [main] DEBUG org.nutz.mvc.impl.UrlMappingImpl -    '/Judge/editui'             >> editUi(...) : Map | @Ok(jsp:page.judge.edit) @Fail(json) | by 0 Filters | (I:UTF-8/O:UTF-8)
2012-12-28 00:09:31,746 [main] DEBUG org.nutz.mvc.impl.UrlMappingImpl -    '/Judge/queryui'            >> queryUi(...) : void | @Ok(jsp:page.judge.query) @Fail(json) | by 0 Filters | (I:UTF-8/O:UTF-8)
2012-12-28 00:09:31,746 [main] DEBUG org.nutz.ioc.impl.NutIoc - Get 'json'<interface org.nutz.mvc.View>
2012-12-28 00:09:31,747 [main] DEBUG org.nutz.mvc.impl.UrlMappingImpl -    '/Judge/delbyids'           >> delByIds(...) : Object | @Ok(ioc:json) @Fail(json) | by 0 Filters | (I:UTF-8/O:UTF-8)
2012-12-28 00:09:31,748 [main] DEBUG org.nutz.ioc.impl.NutIoc - Get 'json'<interface org.nutz.mvc.View>
2012-12-28 00:09:31,748 [main] DEBUG org.nutz.mvc.impl.UrlMappingImpl -    '/Judge/add'                >> add(...) : Object | @Ok(ioc:json) @Fail(json) | by 0 Filters | (I:UTF-8/O:UTF-8)
2012-12-28 00:09:31,751 [main] DEBUG org.nutz.mvc.impl.UrlMappingImpl -    '/Judge/list'               >> list(...) : Object | @Ok(jsp:page.judge.list) @Fail(json) | by 0 Filters | (I:UTF-8/O:UTF-8)
2012-12-28 00:09:31,752 [main] DEBUG org.nutz.ioc.impl.NutIoc - Get 'json'<interface org.nutz.mvc.View>
2012-12-28 00:09:31,752 [main] DEBUG org.nutz.mvc.impl.UrlMappingImpl -    '/Judge/delete'             >> delete(...) : Object | @Ok(ioc:json) @Fail(json) | by 0 Filters | (I:UTF-8/O:UTF-8)
2012-12-28 00:09:31,753 [main] DEBUG org.nutz.ioc.impl.NutIoc - Get 'json'<interface org.nutz.mvc.View>
2012-12-28 00:09:31,754 [main] DEBUG org.nutz.mvc.impl.UrlMappingImpl -    '/Judge/update'             >> update(...) : Object | @Ok(ioc:json) @Fail(json) | by 0 Filters | (I:UTF-8/O:UTF-8)
2012-12-28 00:09:31,759 [main] DEBUG org.nutz.mvc.impl.UrlMappingImpl -    '/Judge/view'               >> view(...) : JudgeProblem | @Ok(jsp:page.judge.view) @Fail(json) | by 0 Filters | (I:UTF-8/O:UTF-8)
2012-12-28 00:09:31,760 [main] DEBUG org.nutz.mvc.impl.UrlMappingImpl -    '/Account/login'            >> login(...) : boolean | @Ok(json) @Fail(json) | by 0 Filters | (I:UTF-8/O:UTF-8)
2012-12-28 00:09:31,764 [main] DEBUG org.nutz.mvc.impl.UrlMappingImpl -    '/Account/logout'           >> logout(...) : void | @Ok(>>:/) @Fail(json) | by 0 Filters | (I:UTF-8/O:UTF-8)
2012-12-28 00:09:31,765 [main] DEBUG org.nutz.mvc.impl.UrlMappingImpl -    '/Account/addui'            >> addUi(...) : Map | @Ok(jsp:page.account.input) @Fail(json) | by 0 Filters | (I:UTF-8/O:UTF-8)
2012-12-28 00:09:31,766 [main] DEBUG org.nutz.mvc.impl.UrlMappingImpl -    '/Account/editui'           >> editUi(...) : Map | @Ok(jsp:page.account.edit) @Fail(json) | by 0 Filters | (I:UTF-8/O:UTF-8)
2012-12-28 00:09:31,767 [main] DEBUG org.nutz.mvc.impl.UrlMappingImpl -    '/Account/queryui'          >> queryUi(...) : void | @Ok(jsp:page.account.query) @Fail(json) | by 0 Filters | (I:UTF-8/O:UTF-8)
2012-12-28 00:09:31,767 [main] DEBUG org.nutz.ioc.impl.NutIoc - Get 'json'<interface org.nutz.mvc.View>
2012-12-28 00:09:31,767 [main] DEBUG org.nutz.mvc.impl.UrlMappingImpl -    '/Account/delbyids'         >> delByIds(...) : Object | @Ok(ioc:json) @Fail(json) | by 0 Filters | (I:UTF-8/O:UTF-8)
2012-12-28 00:09:31,768 [main] DEBUG org.nutz.ioc.impl.NutIoc - Get 'json'<interface org.nutz.mvc.View>
2012-12-28 00:09:31,769 [main] DEBUG org.nutz.mvc.impl.UrlMappingImpl -    '/Account/add'              >> add(...) : Object | @Ok(ioc:json) @Fail(json) | by 0 Filters | (I:UTF-8/O:UTF-8)
2012-12-28 00:09:31,770 [main] DEBUG org.nutz.mvc.impl.UrlMappingImpl -    '/Account/list'             >> list(...) : Object | @Ok(jsp:page.account.list) @Fail(json) | by 0 Filters | (I:UTF-8/O:UTF-8)
2012-12-28 00:09:31,771 [main] DEBUG org.nutz.ioc.impl.NutIoc - Get 'json'<interface org.nutz.mvc.View>
2012-12-28 00:09:31,771 [main] DEBUG org.nutz.mvc.impl.UrlMappingImpl -    '/Account/delete'           >> delete(...) : Object | @Ok(ioc:json) @Fail(json) | by 0 Filters | (I:UTF-8/O:UTF-8)
2012-12-28 00:09:31,772 [main] DEBUG org.nutz.ioc.impl.NutIoc - Get 'json'<interface org.nutz.mvc.View>
2012-12-28 00:09:31,773 [main] DEBUG org.nutz.mvc.impl.UrlMappingImpl -    '/Account/update'           >> update(...) : Object | @Ok(ioc:json) @Fail(json) | by 0 Filters | (I:UTF-8/O:UTF-8)
2012-12-28 00:09:31,775 [main] DEBUG org.nutz.mvc.impl.UrlMappingImpl -    '/Account/view'             >> view(...) : Account | @Ok(jsp:page.account.view) @Fail(json) | by 0 Filters | (I:UTF-8/O:UTF-8)
2012-12-28 00:09:31,775 [main] DEBUG org.nutz.mvc.impl.NutLoading - Localization: org.nutz.mvc.impl.NutMessageLoader('msg')  dft<>
2012-12-28 00:09:31,778 [main] DEBUG org.nutz.resource.Scans - Found 0 resource by src( msg ) , regex( ^.+[.]properties$ )
2012-12-28 00:09:31,778 [main] DEBUG org.nutz.mvc.impl.NutMessageLoader - Load Messages in 0 resource : [[]]
2012-12-28 00:09:31,778 [main] DEBUG org.nutz.mvc.impl.NutMessageLoader - Message Loaded, size = 0
2012-12-28 00:09:31,779 [main] INFO  org.nutz.mvc.impl.NutLoading - Setup application...
2012-12-28 00:09:31,780 [main] DEBUG org.nutz.ioc.impl.NutIoc - Get 'dao'<interface org.nutz.dao.Dao>
2012-12-28 00:09:31,780 [main] DEBUG org.nutz.ioc.impl.NutIoc - 	 >> Load definition
2012-12-28 00:09:31,780 [main] DEBUG org.nutz.ioc.loader.map.MapLoader - Loading define for name=dao
2012-12-28 00:09:31,782 [main] DEBUG org.nutz.ioc.loader.combo.ComboIocLoader - Found IocObject(dao) in IocLoader(JsonLoader@15091334)
2012-12-28 00:09:31,783 [main] DEBUG org.nutz.ioc.impl.NutIoc - 	 >> Make...'dao'<interface org.nutz.dao.Dao>
2012-12-28 00:09:31,794 [main] DEBUG org.nutz.ioc.aop.impl.DefaultMirrorFactory - class org.nutz.dao.impl.NutDao , no config to enable AOP.
2012-12-28 00:09:31,795 [main] DEBUG org.nutz.ioc.impl.ScopeContext - Save object 'dao' to [app] 
2012-12-28 00:09:31,796 [main] DEBUG org.nutz.ioc.impl.NutIoc - Get 'dataSource'<null>
2012-12-28 00:09:31,796 [main] DEBUG org.nutz.ioc.impl.NutIoc - 	 >> Load definition
2012-12-28 00:09:31,796 [main] DEBUG org.nutz.ioc.loader.map.MapLoader - Loading define for name=dataSource
2012-12-28 00:09:31,806 [main] DEBUG org.nutz.ioc.loader.combo.ComboIocLoader - Found IocObject(dataSource) in IocLoader(JsonLoader@15091334)
2012-12-28 00:09:31,806 [main] DEBUG org.nutz.ioc.impl.NutIoc - 	 >> Make...'dataSource'<null>
2012-12-28 00:09:31,836 [main] DEBUG org.nutz.ioc.aop.impl.DefaultMirrorFactory - class com.alibaba.druid.pool.DruidDataSource , no config to enable AOP.
2012-12-28 00:09:31,836 [main] DEBUG org.nutz.ioc.impl.ScopeContext - Save object 'dataSource' to [app] 
2012-12-28 00:09:31,883 [main] DEBUG org.nutz.ioc.impl.NutIoc - Get 'dataSource'<null>
2012-12-28 00:09:31,917 [main] INFO  org.nutz.filepool.NutFilePool - Init file-pool by: ~/.nutz/tmp/dao/ [2000]
2012-12-28 00:09:31,918 [main] DEBUG org.nutz.filepool.NutFilePool - file-pool.home: 'D:\.nutz\tmp\dao'
2012-12-28 00:09:31,926 [main] INFO  org.nutz.filepool.NutFilePool - file-pool.cursor: 44
2012-12-28 00:09:31,935 [main] DEBUG org.nutz.dao.jdbc.Jdbcs - Jdbcs init complete
2012-12-28 00:09:31,995 [main] ERROR com.alibaba.druid.pool.DruidDataSource - testOnBorrow is true, validationQuery not set
2012-12-28 00:09:31,996 [main] ERROR com.alibaba.druid.pool.DruidDataSource - dataSource init error
java.sql.SQLException: oracle.jdbc.driver.OracleDriver
	at com.alibaba.druid.util.JdbcUtils.createDriver(JdbcUtils.java:500)
	at com.alibaba.druid.pool.DruidDataSource.init(DruidDataSource.java:382)
	at com.alibaba.druid.pool.DruidDataSource.getConnection(DruidDataSource.java:622)
	at com.alibaba.druid.pool.DruidDataSource.getConnection(DruidDataSource.java:618)
	at com.alibaba.druid.pool.DruidDataSource.getConnection(DruidDataSource.java:79)
	at org.nutz.dao.jdbc.Jdbcs.getExpert(Jdbcs.java:89)
	at org.nutz.dao.impl.DaoSupport.setDataSource(DaoSupport.java:154)
	at org.nutz.dao.impl.NutDao.<init>(NutDao.java:87)
	at sun.reflect.NativeConstructorAccessorImpl.newInstance0(Native Method)
	at sun.reflect.NativeConstructorAccessorImpl.newInstance(Unknown Source)
	at sun.reflect.DelegatingConstructorAccessorImpl.newInstance(Unknown Source)
	at java.lang.reflect.Constructor.newInstance(Unknown Source)
	at org.nutz.lang.born.ConstructorBorning.born(ConstructorBorning.java:16)
	at org.nutz.ioc.weaver.DefaultWeaver.born(DefaultWeaver.java:67)
	at org.nutz.ioc.impl.ObjectMakerImpl.make(ObjectMakerImpl.java:75)
	at org.nutz.ioc.impl.NutIoc.get(NutIoc.java:182)
	at org.nutz.ioc.impl.NutIoc.get(NutIoc.java:197)
	at org.nutz.ioc.impl.NutIoc.get(NutIoc.java:134)
	at hse.jack.setup.NutzSetup.init(NutzSetup.java:31)
	at org.nutz.mvc.impl.NutLoading.evalSetup(NutLoading.java:240)
	at org.nutz.mvc.impl.NutLoading.load(NutLoading.java:104)
	at org.nutz.mvc.ActionHandler.<init>(ActionHandler.java:19)
	at org.nutz.mvc.NutFilter.init(NutFilter.java:53)
	at org.mortbay.jetty.servlet.FilterHolder.doStart(FilterHolder.java:97)
	at org.mortbay.component.AbstractLifeCycle.start(AbstractLifeCycle.java:50)
	at org.mortbay.jetty.servlet.ServletHandler.initialize(ServletHandler.java:713)
	at org.mortbay.jetty.servlet.Context.startContext(Context.java:140)
	at org.mortbay.jetty.webapp.WebAppContext.startContext(WebAppContext.java:1282)
	at org.mortbay.jetty.handler.ContextHandler.doStart(ContextHandler.java:518)
	at org.mortbay.jetty.webapp.WebAppContext.doStart(WebAppContext.java:499)
	at org.mortbay.component.AbstractLifeCycle.start(AbstractLifeCycle.java:50)
	at org.mortbay.jetty.handler.HandlerWrapper.doStart(HandlerWrapper.java:130)
	at org.mortbay.jetty.Server.doStart(Server.java:224)
	at org.mortbay.component.AbstractLifeCycle.start(AbstractLifeCycle.java:50)
	at runjettyrun.Bootstrap.main(Bootstrap.java:97)
Caused by: java.lang.ClassNotFoundException: oracle.jdbc.driver.OracleDriver
	at java.net.URLClassLoader$1.run(Unknown Source)
	at java.security.AccessController.doPrivileged(Native Method)
	at java.net.URLClassLoader.findClass(Unknown Source)
	at org.mortbay.jetty.webapp.WebAppClassLoader.loadClass(WebAppClassLoader.java:392)
	at runjettyrun.ProjectClassLoader.loadClass(ProjectClassLoader.java:89)
	at com.alibaba.druid.util.JdbcUtils.createDriver(JdbcUtils.java:494)
	... 34 more
2012-12-28 00:09:31,999 [main] INFO  com.alibaba.druid.pool.DruidDataSource - {dataSource-1} inited
2012-12-28 00:09:31,999 [main] ERROR org.nutz.mvc.impl.NutLoading - Error happend during start serivce!
org.nutz.lang.born.BorningException: Fail to born 'org.nutz.dao.impl.NutDao'
 by args: [
  @({
	CreateTime:"2012-12-28 00:09:31",
	ActiveCount:0,
	PoolingCount:0,
	CreateCount:0,
	DestroyCount:0,
	CloseCount:0,
	ConnectCount:0,
	Connections:[
	]
})] becasue:
oracle.jdbc.driver.OracleDriver
	at org.nutz.lang.born.ConstructorBorning.born(ConstructorBorning.java:19)
	at org.nutz.ioc.weaver.DefaultWeaver.born(DefaultWeaver.java:67)
	at org.nutz.ioc.impl.ObjectMakerImpl.make(ObjectMakerImpl.java:75)
	at org.nutz.ioc.impl.NutIoc.get(NutIoc.java:182)
	at org.nutz.ioc.impl.NutIoc.get(NutIoc.java:197)
	at org.nutz.ioc.impl.NutIoc.get(NutIoc.java:134)
	at hse.jack.setup.NutzSetup.init(NutzSetup.java:31)
	at org.nutz.mvc.impl.NutLoading.evalSetup(NutLoading.java:240)
	at org.nutz.mvc.impl.NutLoading.load(NutLoading.java:104)
	at org.nutz.mvc.ActionHandler.<init>(ActionHandler.java:19)
	at org.nutz.mvc.NutFilter.init(NutFilter.java:53)
	at org.mortbay.jetty.servlet.FilterHolder.doStart(FilterHolder.java:97)
	at org.mortbay.component.AbstractLifeCycle.start(AbstractLifeCycle.java:50)
	at org.mortbay.jetty.servlet.ServletHandler.initialize(ServletHandler.java:713)
	at org.mortbay.jetty.servlet.Context.startContext(Context.java:140)
	at org.mortbay.jetty.webapp.WebAppContext.startContext(WebAppContext.java:1282)
	at org.mortbay.jetty.handler.ContextHandler.doStart(ContextHandler.java:518)
	at org.mortbay.jetty.webapp.WebAppContext.doStart(WebAppContext.java:499)
	at org.mortbay.component.AbstractLifeCycle.start(AbstractLifeCycle.java:50)
	at org.mortbay.jetty.handler.HandlerWrapper.doStart(HandlerWrapper.java:130)
	at org.mortbay.jetty.Server.doStart(Server.java:224)
	at org.mortbay.component.AbstractLifeCycle.start(AbstractLifeCycle.java:50)
	at runjettyrun.Bootstrap.main(Bootstrap.java:97)
Caused by: java.lang.reflect.InvocationTargetException
	at sun.reflect.NativeConstructorAccessorImpl.newInstance0(Native Method)
	at sun.reflect.NativeConstructorAccessorImpl.newInstance(Unknown Source)
	at sun.reflect.DelegatingConstructorAccessorImpl.newInstance(Unknown Source)
	at java.lang.reflect.Constructor.newInstance(Unknown Source)
	at org.nutz.lang.born.ConstructorBorning.born(ConstructorBorning.java:16)
	... 22 more
Caused by: java.lang.RuntimeException: java.sql.SQLException: oracle.jdbc.driver.OracleDriver
	at org.nutz.lang.Lang.wrapThrow(Lang.java:138)
	at org.nutz.dao.jdbc.Jdbcs.getExpert(Jdbcs.java:96)
	at org.nutz.dao.impl.DaoSupport.setDataSource(DaoSupport.java:154)
	at org.nutz.dao.impl.NutDao.<init>(NutDao.java:87)
	... 27 more
Caused by: java.sql.SQLException: oracle.jdbc.driver.OracleDriver
	at com.alibaba.druid.util.JdbcUtils.createDriver(JdbcUtils.java:500)
	at com.alibaba.druid.pool.DruidDataSource.init(DruidDataSource.java:382)
	at com.alibaba.druid.pool.DruidDataSource.getConnection(DruidDataSource.java:622)
	at com.alibaba.druid.pool.DruidDataSource.getConnection(DruidDataSource.java:618)
	at com.alibaba.druid.pool.DruidDataSource.getConnection(DruidDataSource.java:79)
	at org.nutz.dao.jdbc.Jdbcs.getExpert(Jdbcs.java:89)
	... 29 more
Caused by: java.lang.ClassNotFoundException: oracle.jdbc.driver.OracleDriver
	at java.net.URLClassLoader$1.run(Unknown Source)
	at java.security.AccessController.doPrivileged(Native Method)
	at java.net.URLClassLoader.findClass(Unknown Source)
	at org.mortbay.jetty.webapp.WebAppClassLoader.loadClass(WebAppClassLoader.java:392)
	at runjettyrun.ProjectClassLoader.loadClass(ProjectClassLoader.java:89)
	at com.alibaba.druid.util.JdbcUtils.createDriver(JdbcUtils.java:494)
	... 34 more
